0:0:0:0:0:0:0:1 - - [28/Jun/2024:12:08:40 +0530] "GET /swagger-ui.html HTTP/1.1" 302 -
0:0:0:0:0:0:0:1 - - [28/Jun/2024:12:08:40 +0530] "GET /swagger-ui/swagger-ui-bundle.js HTTP/1.1" 200 1096221
0:0:0:0:0:0:0:1 - - [28/Jun/2024:12:08:40 +0530] "GET /v3/api-docs/swagger-config HTTP/1.1" 200 169
0:0:0:0:0:0:0:1 - - [28/Jun/2024:12:08:41 +0530] "GET /v3/api-docs HTTP/1.1" 200 2307
0:0:0:0:0:0:0:1 - - [28/Jun/2024:12:10:27 +0530] "GET /swagger-ui/index.html HTTP/1.1" 304 -
0:0:0:0:0:0:0:1 - - [28/Jun/2024:12:10:27 +0530] "GET /v3/api-docs/swagger-config HTTP/1.1" 200 169
0:0:0:0:0:0:0:1 - - [28/Jun/2024:12:10:27 +0530] "GET /v3/api-docs HTTP/1.1" 200 2482
0:0:0:0:0:0:0:1 - - [28/Jun/2024:12:11:23 +0530] "GET /swagger-ui/index.html HTTP/1.1" 304 -
0:0:0:0:0:0:0:1 - - [28/Jun/2024:12:11:23 +0530] "GET /v3/api-docs/swagger-config HTTP/1.1" 200 169
0:0:0:0:0:0:0:1 - - [28/Jun/2024:12:11:23 +0530] "GET /v3/api-docs HTTP/1.1" 200 2482
0:0:0:0:0:0:0:1 - - [28/Jun/2024:12:11:25 +0530] "GET /swagger-ui/index.html HTTP/1.1" 304 -
0:0:0:0:0:0:0:1 - - [28/Jun/2024:12:11:25 +0530] "GET /v3/api-docs/swagger-config HTTP/1.1" 200 169
0:0:0:0:0:0:0:1 - - [28/Jun/2024:12:11:25 +0530] "GET /v3/api-docs HTTP/1.1" 200 2482
0:0:0:0:0:0:0:1 - - [28/Jun/2024:12:13:33 +0530] "GET /swagger-ui/index.html HTTP/1.1" 304 -
0:0:0:0:0:0:0:1 - - [28/Jun/2024:12:13:33 +0530] "GET /v3/api-docs/swagger-config HTTP/1.1" 200 169
0:0:0:0:0:0:0:1 - - [28/Jun/2024:12:13:33 +0530] "GET /v3/api-docs HTTP/1.1" 200 2462
0:0:0:0:0:0:0:1 - - [28/Jun/2024:12:15:09 +0530] "GET /swagger-ui/index.html HTTP/1.1" 304 -
0:0:0:0:0:0:0:1 - - [28/Jun/2024:12:15:09 +0530] "GET /v3/api-docs/swagger-config HTTP/1.1" 200 169
0:0:0:0:0:0:0:1 - - [28/Jun/2024:12:15:09 +0530] "GET /v3/api-docs HTTP/1.1" 200 2462
0:0:0:0:0:0:0:1 - - [28/Jun/2024:12:15:27 +0530] "GET /swagger-ui/index.html HTTP/1.1" 304 -
0:0:0:0:0:0:0:1 - - [28/Jun/2024:12:15:27 +0530] "GET /v3/api-docs/swagger-config HTTP/1.1" 200 169
0:0:0:0:0:0:0:1 - - [28/Jun/2024:12:15:28 +0530] "GET /v3/api-docs HTTP/1.1" 200 2513
0:0:0:0:0:0:0:1 - - [28/Jun/2024:12:16:13 +0530] "GET /swagger-ui/index.html HTTP/1.1" 304 -
0:0:0:0:0:0:0:1 - - [28/Jun/2024:12:16:13 +0530] "GET /v3/api-docs/swagger-config HTTP/1.1" 200 169
0:0:0:0:0:0:0:1 - - [28/Jun/2024:12:16:13 +0530] "GET /v3/api-docs HTTP/1.1" 200 2516
0:0:0:0:0:0:0:1 - - [28/Jun/2024:12:16:52 +0530] "GET /swagger-ui/index.html HTTP/1.1" 304 -
0:0:0:0:0:0:0:1 - - [28/Jun/2024:12:16:52 +0530] "GET /v3/api-docs/swagger-config HTTP/1.1" 200 169
0:0:0:0:0:0:0:1 - - [28/Jun/2024:12:16:53 +0530] "GET /v3/api-docs HTTP/1.1" 200 2524
0:0:0:0:0:0:0:1 - - [28/Jun/2024:12:17:06 +0530] "GET /todo HTTP/1.1" 404 104
0:0:0:0:0:0:0:1 - - [28/Jun/2024:12:17:17 +0530] "GET /v3 HTTP/1.1" 404 102
0:0:0:0:0:0:0:1 - - [28/Jun/2024:12:17:43 +0530] "GET /swagger-ui/index.html HTTP/1.1" 304 -
0:0:0:0:0:0:0:1 - - [28/Jun/2024:12:17:43 +0530] "GET /v3/api-docs/swagger-config HTTP/1.1" 200 169
0:0:0:0:0:0:0:1 - - [28/Jun/2024:12:17:43 +0530] "GET /v3/api-docs HTTP/1.1" 200 2524
0:0:0:0:0:0:0:1 - - [28/Jun/2024:12:19:26 +0530] "GET /v3/api-docs/swagger-config HTTP/1.1" 200 169
0:0:0:0:0:0:0:1 - - [28/Jun/2024:12:19:26 +0530] "GET /v3/api-docs HTTP/1.1" 200 2524
