0:0:0:0:0:0:0:1 - - [25/Jun/2024:15:55:12 +0530] "GET /todos HTTP/1.1" 200 12
0:0:0:0:0:0:0:1 - - [25/Jun/2024:15:55:12 +0530] "GET /favicon.ico HTTP/1.1" 404 111
0:0:0:0:0:0:0:1 - - [25/Jun/2024:15:55:29 +0530] "GET /todos/1 HTTP/1.1" 500 287
0:0:0:0:0:0:0:1 - - [25/Jun/2024:16:05:42 +0530] "POST /todos HTTP/1.1" 400 107
0:0:0:0:0:0:0:1 - - [25/Jun/2024:16:06:13 +0530] "POST /todos HTTP/1.1" 200 153
0:0:0:0:0:0:0:1 - - [25/Jun/2024:16:07:08 +0530] "POST /todos HTTP/1.1" 200 152
0:0:0:0:0:0:0:1 - - [25/Jun/2024:16:07:47 +0530] "DELETE /todos/2 HTTP/1.1" 204 -
0:0:0:0:0:0:0:1 - - [25/Jun/2024:16:08:19 +0530] "GET /todos/count HTTP/1.1" 200 11
0:0:0:0:0:0:0:1 - - [25/Jun/2024:16:08:24 +0530] "GET /todos/1 HTTP/1.1" 200 146
0:0:0:0:0:0:0:1 - - [25/Jun/2024:16:08:48 +0530] "POST /todos HTTP/1.1" 400 107
0:0:0:0:0:0:0:1 - - [25/Jun/2024:16:09:09 +0530] "POST /todos HTTP/1.1" 200 153
0:0:0:0:0:0:0:1 - - [25/Jun/2024:16:09:30 +0530] "GET /todos/count HTTP/1.1" 200 11
0:0:0:0:0:0:0:1 - - [25/Jun/2024:16:09:42 +0530] "DELETE /todos/2 HTTP/1.1" 500 119
0:0:0:0:0:0:0:1 - - [25/Jun/2024:16:09:48 +0530] "DELETE /todos/3 HTTP/1.1" 204 -
0:0:0:0:0:0:0:1 - - [25/Jun/2024:17:35:56 +0530] "GET /swagger-ui.html HTTP/1.1" 302 -
0:0:0:0:0:0:0:1 - - [25/Jun/2024:17:35:56 +0530] "GET /swagger-ui/index.html HTTP/1.1" 200 734
0:0:0:0:0:0:0:1 - - [25/Jun/2024:17:35:56 +0530] "GET /swagger-ui/swagger-ui.css HTTP/1.1" 200 143980
0:0:0:0:0:0:0:1 - - [25/Jun/2024:17:35:56 +0530] "GET /swagger-ui/index.css HTTP/1.1" 200 202
0:0:0:0:0:0:0:1 - - [25/Jun/2024:17:35:56 +0530] "GET /swagger-ui/swagger-ui-standalone-preset.js HTTP/1.1" 200 339540
0:0:0:0:0:0:0:1 - - [25/Jun/2024:17:35:56 +0530] "GET /swagger-ui/swagger-initializer.js HTTP/1.1" 200 612
0:0:0:0:0:0:0:1 - - [25/Jun/2024:17:35:56 +0530] "GET /swagger-ui/swagger-ui-bundle.js HTTP/1.1" 200 1096221
0:0:0:0:0:0:0:1 - - [25/Jun/2024:17:35:56 +0530] "GET /swagger-ui/favicon-32x32.png HTTP/1.1" 200 628
0:0:0:0:0:0:0:1 - - [25/Jun/2024:17:35:56 +0530] "GET /v3/api-docs/swagger-config HTTP/1.1" 200 169
0:0:0:0:0:0:0:1 - - [25/Jun/2024:17:35:56 +0530] "GET /v3/api-docs HTTP/1.1" 200 2307
